<?xml version="1.0" encoding="UTF-8"?>
<testsuite name="com.netsensia.rivalchess.util.EpdReaderTest" tests="1" skipped="0" failures="0" errors="0" timestamp="2020-06-15T13:54:25" hostname="pop-os" time="0.021">
  <properties/>
  <testcase name="testSize" classname="com.netsensia.rivalchess.util.EpdReaderTest" time="0.021"/>
  <system-out><![CDATA[]]></system-out>
  <system-err><![CDATA[]]></system-err>
</testsuite>
