<?xml version="1.0" encoding="UTF-8"?>
<testsuite name="com.netsensia.rivalchess.engine.core.helper.ZobristHashTrackerTest" tests="5" skipped="0" failures="0" errors="0" timestamp="2020-06-15T13:59:11" hostname="pop-os" time="0.603">
  <properties/>
  <testcase name="multipleRandomMovesTest" classname="com.netsensia.rivalchess.engine.core.helper.ZobristHashTrackerTest" time="0.502"/>
  <testcase name="testInterestingFailure" classname="com.netsensia.rivalchess.engine.core.helper.ZobristHashTrackerTest" time="0.003"/>
  <testcase name="initHash" classname="com.netsensia.rivalchess.engine.core.helper.ZobristHashTrackerTest" time="0.086"/>
  <testcase name="testTrackerWhenMakeMoveLeavesMoverInCheck" classname="com.netsensia.rivalchess.engine.core.helper.ZobristHashTrackerTest" time="0.004"/>
  <testcase name="zorbristTracker" classname="com.netsensia.rivalchess.engine.core.helper.ZobristHashTrackerTest" time="0.008"/>
  <system-out><![CDATA[]]></system-out>
  <system-err><![CDATA[]]></system-err>
</testsuite>
