<?xml version="1.0" encoding="UTF-8"?>
<testsuite name="com.netsensia.rivalchess.engine.core.eval.EvaluateKtTest" tests="1" skipped="0" failures="0" errors="0" timestamp="2020-06-15T14:01:24" hostname="pop-os" time="0.242">
  <properties/>
  <testcase name="testTradePawnBonusWhenMoreMaterial" classname="com.netsensia.rivalchess.engine.core.eval.EvaluateKtTest" time="0.242"/>
  <system-out><![CDATA[]]></system-out>
  <system-err><![CDATA[]]></system-err>
</testsuite>
