<?xml version="1.0" encoding="UTF-8"?>
<testsuite name="com.netsensia.rivalchess.engine.core.EvaluateTest" tests="1" skipped="0" failures="0" errors="0" timestamp="2020-06-15T13:59:12" hostname="pop-os" time="0.052">
  <properties/>
  <testcase name="scoreWhiteRightWayPositions" classname="com.netsensia.rivalchess.engine.core.EvaluateTest" time="0.052"/>
  <system-out><![CDATA[]]></system-out>
  <system-err><![CDATA[]]></system-err>
</testsuite>
