<?xml version="1.0" encoding="UTF-8"?>
<testsuite name="com.netsensia.rivalchess.engine.core.eval.see.SeeBoardTest" tests="8" skipped="0" failures="0" errors="0" timestamp="2020-06-15T14:01:24" hostname="pop-os" time="0.072">
  <properties/>
  <testcase name="moveGenerationFromComplexPosition1" classname="com.netsensia.rivalchess.engine.core.eval.see.SeeBoardTest" time="0.008"/>
  <testcase name="moveGenerationFromComplexPosition2" classname="com.netsensia.rivalchess.engine.core.eval.see.SeeBoardTest" time="0.007"/>
  <testcase name="moveGenerationFromComplexPosition3" classname="com.netsensia.rivalchess.engine.core.eval.see.SeeBoardTest" time="0.008"/>
  <testcase name="moveGenerationFromComplexPosition4" classname="com.netsensia.rivalchess.engine.core.eval.see.SeeBoardTest" time="0.006"/>
  <testcase name="moveGenerationFromComplexPosition5" classname="com.netsensia.rivalchess.engine.core.eval.see.SeeBoardTest" time="0.007"/>
  <testcase name="moveGenerationFromComplexPosition6" classname="com.netsensia.rivalchess.engine.core.eval.see.SeeBoardTest" time="0.006"/>
  <testcase name="makeMove" classname="com.netsensia.rivalchess.engine.core.eval.see.SeeBoardTest" time="0.008"/>
  <testcase name="moveGenerationFromStartPosition" classname="com.netsensia.rivalchess.engine.core.eval.see.SeeBoardTest" time="0.012"/>
  <system-out><![CDATA[]]></system-out>
  <system-err><![CDATA[]]></system-err>
</testsuite>
