<?xml version="1.0" encoding="UTF-8"?>
<testsuite name="com.netsensia.rivalchess.epd.EpdItemTest" tests="3" skipped="0" failures="0" errors="0" timestamp="2020-06-15T13:54:25" hostname="pop-os" time="0.001">
  <properties/>
  <testcase name="testEpdItemPartsWithThreeBestMoves" classname="com.netsensia.rivalchess.epd.EpdItemTest" time="0.0"/>
  <testcase name="testEpdItemWithNodesPart" classname="com.netsensia.rivalchess.epd.EpdItemTest" time="0.001"/>
  <testcase name="testEpdItemPartsWithOneBestMove" classname="com.netsensia.rivalchess.epd.EpdItemTest" time="0.0"/>
  <system-out><![CDATA[]]></system-out>
  <system-err><![CDATA[]]></system-err>
</testsuite>
