<?xml version="1.0" encoding="UTF-8"?>
<testsuite name="com.netsensia.rivalchess.engine.core.eval.see.StaticExchangeEvaluatorSeeBoardTest" tests="1" skipped="0" failures="0" errors="0" timestamp="2020-06-15T13:59:12" hostname="pop-os" time="0.049">
  <properties/>
  <testcase name="testStaticExchangeEvaluation" classname="com.netsensia.rivalchess.engine.core.eval.see.StaticExchangeEvaluatorSeeBoardTest" time="0.049"/>
  <system-out><![CDATA[]]></system-out>
  <system-err><![CDATA[]]></system-err>
</testsuite>
