<?xml version="1.0" encoding="UTF-8"?>
<testsuite name="com.netsensia.rivalchess.engine.core.PerftTest" tests="1" skipped="0" failures="0" errors="0" timestamp="2020-01-08T13:47:15" hostname="pop-os" time="22.78">
  <properties/>
  <testcase name="testPerftScore" classname="com.netsensia.rivalchess.engine.core.PerftTest" time="22.78"/>
  <system-out><![CDATA[Nodes per second = 18,699,556.147
Nodes per second = 20,541,000
Nodes per second = 16,894,475.694
Nodes per second = âˆž
Nodes per second = 17,487,852.433
Nodes per second = 20,897,714.202
Nodes per second = 17,546,035.873
Nodes per second = 18,283,800
]]></system-out>
  <system-err><![CDATA[]]></system-err>
</testsuite>
